TN:
SF:eslint.config.js
FN:1,(empty-report)
FNF:1
FNH:0
FNDA:0,(empty-report)
DA:1,0
DA:2,0
DA:3,0
DA:4,0
DA:5,0
DA:6,0
DA:7,0
DA:8,0
DA:9,0
DA:10,0
DA:11,0
DA:12,0
DA:13,0
DA:14,0
DA:15,0
DA:16,0
DA:17,0
DA:18,0
DA:19,0
DA:20,0
DA:21,0
DA:22,0
DA:23,0
DA:24,0
DA:25,0
DA:26,0
DA:27,0
DA:28,0
DA:29,0
DA:30,0
DA:31,0
DA:32,0
DA:33,0
DA:34,0
LF:34
LH:0
BRDA:1,0,0,0
BRF:1
BRH:0
end_of_record
TN:
SF:dist\assets\index-CGRvanF4.js
FN:1,(empty-report)
FNF:1
FNH:0
FNDA:0,(empty-report)
DA:1,0
DA:2,0
DA:3,0
DA:4,0
DA:5,0
DA:6,0
DA:7,0
DA:8,0
DA:9,0
LF:9
LH:0
BRDA:1,0,0,0
BRF:1
BRH:0
end_of_record
TN:
SF:src\App.tsx
FNF:0
FNH:0
DA:1,1
DA:2,1
DA:3,1
DA:4,1
DA:7,1
DA:8,1
DA:10,1
DA:11,1
DA:12,15
DA:14,15
DA:15,15
DA:16,4
DA:17,3
DA:18,1
DA:19,15
DA:22,15
DA:23,15
DA:26,1
DA:27,1
DA:30,1
DA:32,1
DA:33,1
DA:34,1
DA:35,1
DA:36,1
DA:37,1
DA:38,1
DA:40,1
DA:41,1
DA:42,1
DA:43,1
DA:44,1
DA:45,1
DA:47,1
DA:50,1
DA:52,1
DA:53,1
DA:54,1
DA:55,1
DA:57,1
DA:59,1
DA:60,1
DA:61,1
DA:64,1
DA:68,1
LF:45
LH:45
BRDA:11,0,0,15
BRDA:12,1,0,7
BRDA:15,2,0,4
BRDA:16,3,0,3
BRDA:18,4,0,1
BRDA:27,5,0,1
BRDA:27,6,0,1
BRDA:30,7,0,20
BRF:8
BRH:8
end_of_record
TN:
SF:src\main.tsx
FN:1,(empty-report)
FNF:1
FNH:0
FNDA:0,(empty-report)
DA:1,0
DA:2,0
DA:3,0
DA:4,0
DA:5,0
DA:6,0
DA:7,0
DA:8,0
DA:9,0
DA:10,0
LF:10
LH:0
BRDA:1,0,0,0
BRF:1
BRH:0
end_of_record
TN:
SF:src\features\product-catalog\ProductCatalog.tsx
FNF:0
FNH:0
DA:1,1
DA:9,1
DA:10,1
DA:11,1
DA:12,1
DA:13,1
DA:14,1
DA:15,130
DA:16,130
DA:17,130
DA:18,130
DA:19,130
DA:21,1
DA:22,1
LF:14
LH:14
BRDA:14,0,0,130
BRF:1
BRH:1
end_of_record
TN:
SF:src\features\product-catalog\components\ProductCard.tsx
FN:25,onClick
FNF:1
FNH:1
FNDA:22,onClick
DA:2,1
DA:9,1
DA:14,1
DA:15,1
DA:16,1
DA:17,1
DA:18,1
DA:19,1
DA:20,1
DA:21,1
DA:22,1
DA:23,1
DA:24,1
DA:25,1
DA:26,1
DA:27,1
DA:30,1
LF:17
LH:17
BRDA:25,0,0,22
BRF:1
BRH:1
end_of_record
TN:
SF:src\features\shopping-cart\ShoppingCart.tsx
FNF:0
FNH:0
DA:1,1
DA:2,1
DA:3,1
DA:11,1
DA:12,1
DA:13,1
DA:15,1
DA:16,1
DA:17,1
DA:18,1
DA:19,1
DA:20,1
DA:21,1
DA:22,1
DA:23,1
DA:25,1
DA:26,15
DA:27,15
DA:28,15
DA:29,15
DA:30,15
DA:32,25
DA:33,25
DA:34,40
DA:35,40
DA:36,40
DA:37,40
DA:38,40
DA:40,25
DA:43,1
DA:45,1
LF:31
LH:31
BRDA:25,0,0,15
BRDA:31,1,0,1
BRDA:13,2,0,40
BRDA:33,3,0,40
BRF:4
BRH:4
end_of_record
TN:
SF:src\features\shopping-cart\components\CartItem.tsx
FN:25,onClick
FNF:1
FNH:1
FNDA:5,onClick
DA:2,1
DA:9,1
DA:13,1
DA:14,1
DA:15,1
DA:16,1
DA:17,1
DA:18,1
DA:19,1
DA:20,1
DA:21,1
DA:22,1
DA:23,1
DA:24,1
DA:25,1
DA:26,1
DA:27,1
DA:29,1
DA:30,1
DA:31,1
LF:20
LH:20
BRDA:25,0,0,5
BRF:1
BRH:1
end_of_record
TN:
SF:src\features\shopping-cart\components\CartSummary.tsx
FNF:0
FNH:0
DA:1,1
DA:2,1
DA:8,1
DA:11,1
DA:12,1
DA:13,1
DA:14,1
DA:16,1
DA:17,1
DA:18,1
DA:19,1
DA:20,1
DA:21,1
DA:22,1
DA:23,1
DA:24,1
DA:25,1
DA:26,1
DA:27,1
DA:28,1
DA:29,1
DA:30,1
DA:31,1
DA:33,1
DA:34,1
DA:35,1
DA:36,1
DA:37,1
DA:38,17
DA:39,30
DA:41,1
DA:43,1
DA:44,1
DA:47,1
LF:34
LH:34
BRDA:37,0,0,17
BRDA:38,1,0,30
BRF:2
BRH:2
end_of_record
TN:
SF:src\shared\constants\businessRules.ts
FNF:0
FNH:0
DA:6,1
DA:7,1
DA:8,1
DA:9,1
DA:10,1
DA:11,1
DA:12,1
DA:13,1
DA:14,1
DA:15,1
DA:16,1
DA:17,1
DA:19,1
LF:13
LH:13
BRF:0
BRH:0
end_of_record
TN:
SF:src\shared\data\products.ts
FNF:0
FNH:0
DA:3,1
DA:4,1
DA:5,1
DA:6,1
DA:7,1
DA:8,1
DA:9,1
DA:10,1
DA:11,1
DA:12,1
DA:13,1
DA:14,1
DA:15,1
DA:16,1
DA:17,1
DA:18,1
DA:19,1
DA:20,1
DA:21,1
DA:22,1
DA:23,1
DA:24,1
DA:25,1
DA:26,1
DA:27,1
DA:28,1
DA:29,1
DA:30,1
DA:32,1
LF:29
LH:29
BRF:0
BRH:0
end_of_record
TN:
SF:src\shared\strategies\DiscountCalculator.ts
FN:15,<instance_members_initializer>
FNF:1
FNH:1
FNDA:50,<instance_members_initializer>
DA:2,1
DA:3,1
DA:14,1
DA:15,1
DA:17,1
DA:18,1
DA:21,1
DA:22,1
DA:25,1
DA:26,1
DA:29,1
DA:30,1
DA:36,1
DA:37,1
DA:38,1
DA:39,1
DA:40,1
DA:41,1
DA:43,1
LF:19
LH:19
BRDA:15,0,0,50
BRDA:18,1,0,3
BRF:2
BRH:2
end_of_record
TN:
SF:src\shared\strategies\DiscountStrategy.ts
FN:33,<instance_members_initializer>
FNF:1
FNH:1
FNDA:33,<instance_members_initializer>
DA:22,1
DA:23,1
DA:24,1
DA:27,1
DA:28,1
DA:32,1
DA:33,1
DA:34,1
DA:36,1
DA:37,1
DA:38,1
DA:41,1
DA:42,1
DA:43,1
DA:45,1
DA:48,1
DA:49,1
LF:17
LH:17
BRDA:33,0,0,33
BRF:1
BRH:1
end_of_record
TN:
SF:src\shared\utils\calculateSubtotal.ts
FNF:0
FNH:0
DA:4,1
DA:5,1
LF:2
LH:2
BRDA:5,0,0,44
BRF:1
BRH:1
end_of_record
TN:
SF:src\shared\utils\formatPrice.ts
FNF:0
FNH:0
DA:1,1
DA:2,1
DA:3,1
DA:4,1
DA:5,1
LF:5
LH:5
BRF:0
BRH:0
end_of_record
